{"C:\\Users\\Siri Chandana\\Desktop\\costco-retail-api\\src\\app.js": {"path":"C:\\Users\\Siri Chandana\\Desktop\\costco-retail-api\\src\\app.js","statementMap":{"0":{"start":{"line":1,"column":16},"end":{"line":1,"column":34}},"1":{"start":{"line":2,"column":12},"end":{"line":2,"column":21}},"2":{"start":{"line":4,"column":0},"end":{"line":4,"column":24}},"3":{"start":{"line":7,"column":17},"end":{"line":13,"column":1}},"4":{"start":{"line":16,"column":11},"end":{"line":16,"column":13}},"5":{"start":{"line":21,"column":0},"end":{"line":26,"column":3}},"6":{"start":{"line":22,"column":4},"end":{"line":25,"column":7}},"7":{"start":{"line":29,"column":0},"end":{"line":31,"column":3}},"8":{"start":{"line":30,"column":4},"end":{"line":30,"column":23}},"9":{"start":{"line":34,"column":0},"end":{"line":40,"column":3}},"10":{"start":{"line":35,"column":20},"end":{"line":35,"column":72}},"11":{"start":{"line":35,"column":39},"end":{"line":35,"column":71}},"12":{"start":{"line":36,"column":4},"end":{"line":38,"column":5}},"13":{"start":{"line":37,"column":8},"end":{"line":37,"column":68}},"14":{"start":{"line":39,"column":4},"end":{"line":39,"column":22}},"15":{"start":{"line":43,"column":0},"end":{"line":48,"column":3}},"16":{"start":{"line":44,"column":21},"end":{"line":46,"column":5}},"17":{"start":{"line":45,"column":13},"end":{"line":45,"column":75}},"18":{"start":{"line":47,"column":4},"end":{"line":47,"column":23}},"19":{"start":{"line":51,"column":0},"end":{"line":58,"column":3}},"20":{"start":{"line":52,"column":18},"end":{"line":52,"column":83}},"21":{"start":{"line":52,"column":45},"end":{"line":52,"column":79}},"22":{"start":{"line":53,"column":4},"end":{"line":57,"column":7}},"23":{"start":{"line":61,"column":0},"end":{"line":81,"column":3}},"24":{"start":{"line":62,"column":36},"end":{"line":62,"column":44}},"25":{"start":{"line":63,"column":20},"end":{"line":63,"column":58}},"26":{"start":{"line":63,"column":39},"end":{"line":63,"column":57}},"27":{"start":{"line":65,"column":4},"end":{"line":67,"column":5}},"28":{"start":{"line":66,"column":8},"end":{"line":66,"column":68}},"29":{"start":{"line":69,"column":25},"end":{"line":69,"column":72}},"30":{"start":{"line":69,"column":43},"end":{"line":69,"column":71}},"31":{"start":{"line":70,"column":4},"end":{"line":79,"column":5}},"32":{"start":{"line":71,"column":8},"end":{"line":71,"column":42}},"33":{"start":{"line":73,"column":8},"end":{"line":78,"column":11}},"34":{"start":{"line":80,"column":4},"end":{"line":80,"column":50}},"35":{"start":{"line":84,"column":0},"end":{"line":87,"column":3}},"36":{"start":{"line":85,"column":4},"end":{"line":85,"column":82}},"37":{"start":{"line":85,"column":31},"end":{"line":85,"column":80}},"38":{"start":{"line":86,"column":4},"end":{"line":86,"column":54}},"39":{"start":{"line":90,"column":0},"end":{"line":93,"column":3}},"40":{"start":{"line":91,"column":4},"end":{"line":91,"column":14}},"41":{"start":{"line":92,"column":4},"end":{"line":92,"column":43}},"42":{"start":{"line":95,"column":0},"end":{"line":95,"column":21}}},"fnMap":{"0":{"name":"(anonymous_0)","decl":{"start":{"line":21,"column":13},"end":{"line":21,"column":14}},"loc":{"start":{"line":21,"column":27},"end":{"line":26,"column":1}},"line":21},"1":{"name":"(anonymous_1)","decl":{"start":{"line":29,"column":21},"end":{"line":29,"column":22}},"loc":{"start":{"line":29,"column":35},"end":{"line":31,"column":1}},"line":29},"2":{"name":"(anonymous_2)","decl":{"start":{"line":34,"column":25},"end":{"line":34,"column":26}},"loc":{"start":{"line":34,"column":39},"end":{"line":40,"column":1}},"line":34},"3":{"name":"(anonymous_3)","decl":{"start":{"line":35,"column":34},"end":{"line":35,"column":35}},"loc":{"start":{"line":35,"column":39},"end":{"line":35,"column":71}},"line":35},"4":{"name":"(anonymous_4)","decl":{"start":{"line":43,"column":40},"end":{"line":43,"column":41}},"loc":{"start":{"line":43,"column":54},"end":{"line":48,"column":1}},"line":43},"5":{"name":"(anonymous_5)","decl":{"start":{"line":45,"column":8},"end":{"line":45,"column":9}},"loc":{"start":{"line":45,"column":13},"end":{"line":45,"column":75}},"line":45},"6":{"name":"(anonymous_6)","decl":{"start":{"line":51,"column":17},"end":{"line":51,"column":18}},"loc":{"start":{"line":51,"column":31},"end":{"line":58,"column":1}},"line":51},"7":{"name":"(anonymous_7)","decl":{"start":{"line":52,"column":30},"end":{"line":52,"column":31}},"loc":{"start":{"line":52,"column":45},"end":{"line":52,"column":79}},"line":52},"8":{"name":"(anonymous_8)","decl":{"start":{"line":61,"column":18},"end":{"line":61,"column":19}},"loc":{"start":{"line":61,"column":32},"end":{"line":81,"column":1}},"line":61},"9":{"name":"(anonymous_9)","decl":{"start":{"line":63,"column":34},"end":{"line":63,"column":35}},"loc":{"start":{"line":63,"column":39},"end":{"line":63,"column":57}},"line":63},"10":{"name":"(anonymous_10)","decl":{"start":{"line":69,"column":35},"end":{"line":69,"column":36}},"loc":{"start":{"line":69,"column":43},"end":{"line":69,"column":71}},"line":69},"11":{"name":"(anonymous_11)","decl":{"start":{"line":84,"column":31},"end":{"line":84,"column":32}},"loc":{"start":{"line":84,"column":45},"end":{"line":87,"column":1}},"line":84},"12":{"name":"(anonymous_12)","decl":{"start":{"line":85,"column":23},"end":{"line":85,"column":24}},"loc":{"start":{"line":85,"column":31},"end":{"line":85,"column":80}},"line":85},"13":{"name":"(anonymous_13)","decl":{"start":{"line":90,"column":20},"end":{"line":90,"column":21}},"loc":{"start":{"line":90,"column":34},"end":{"line":93,"column":1}},"line":90}},"branchMap":{"0":{"loc":{"start":{"line":36,"column":4},"end":{"line":38,"column":5}},"type":"if","locations":[{"start":{"line":36,"column":4},"end":{"line":38,"column":5}},{"start":{},"end":{}}],"line":36},"1":{"loc":{"start":{"line":65,"column":4},"end":{"line":67,"column":5}},"type":"if","locations":[{"start":{"line":65,"column":4},"end":{"line":67,"column":5}},{"start":{},"end":{}}],"line":65},"2":{"loc":{"start":{"line":70,"column":4},"end":{"line":79,"column":5}},"type":"if","locations":[{"start":{"line":70,"column":4},"end":{"line":79,"column":5}},{"start":{"line":72,"column":11},"end":{"line":79,"column":5}}],"line":70}},"s":{"0":1,"1":1,"2":1,"3":1,"4":1,"5":1,"6":1,"7":1,"8":1,"9":1,"10":2,"11":6,"12":2,"13":1,"14":1,"15":1,"16":1,"17":5,"18":1,"19":1,"20":1,"21":0,"22":1,"23":1,"24":2,"25":2,"26":6,"27":2,"28":1,"29":1,"30":0,"31":1,"32":0,"33":1,"34":1,"35":1,"36":0,"37":0,"38":0,"39":1,"40":1,"41":1,"42":1},"f":{"0":1,"1":1,"2":2,"3":6,"4":1,"5":5,"6":1,"7":0,"8":2,"9":6,"10":0,"11":0,"12":0,"13":1},"b":{"0":[1,1],"1":[1,1],"2":[0,1]},"_coverageSchema":"1a1c01bbd47fc00a2c39e90264f33305004495a9","hash":"9d165915d2ae3b7c1fca3a2e2d6d023975186038"}
}
