TN:
SF:src\app.js
FN:21,(anonymous_0)
FN:29,(anonymous_1)
FN:34,(anonymous_2)
FN:35,(anonymous_3)
FN:43,(anonymous_4)
FN:45,(anonymous_5)
FN:51,(anonymous_6)
FN:52,(anonymous_7)
FN:61,(anonymous_8)
FN:63,(anonymous_9)
FN:69,(anonymous_10)
FN:84,(anonymous_11)
FN:85,(anonymous_12)
FN:90,(anonymous_13)
FNF:14
FNH:10
FNDA:1,(anonymous_0)
FNDA:1,(anonymous_1)
FNDA:2,(anonymous_2)
FNDA:6,(anonymous_3)
FNDA:1,(anonymous_4)
FNDA:5,(anonymous_5)
FNDA:1,(anonymous_6)
FNDA:0,(anonymous_7)
FNDA:2,(anonymous_8)
FNDA:6,(anonymous_9)
FNDA:0,(anonymous_10)
FNDA:0,(anonymous_11)
FNDA:0,(anonymous_12)
FNDA:1,(anonymous_13)
DA:1,1
DA:2,1
DA:4,1
DA:7,1
DA:16,1
DA:21,1
DA:22,1
DA:29,1
DA:30,1
DA:34,1
DA:35,6
DA:36,2
DA:37,1
DA:39,1
DA:43,1
DA:44,1
DA:45,5
DA:47,1
DA:51,1
DA:52,1
DA:53,1
DA:61,1
DA:62,2
DA:63,6
DA:65,2
DA:66,1
DA:69,1
DA:70,1
DA:71,0
DA:73,1
DA:80,1
DA:84,1
DA:85,0
DA:86,0
DA:90,1
DA:91,1
DA:92,1
DA:95,1
LF:38
LH:35
BRDA:36,0,0,1
BRDA:36,0,1,1
BRDA:65,1,0,1
BRDA:65,1,1,1
BRDA:70,2,0,0
BRDA:70,2,1,1
BRF:6
BRH:5
end_of_record
